1645720112663:help
1645720121805:hello-to
1645720130961:hello-to ololo
1645720181975:help
1645720192204:hello-to ololo
1645720235561:hello-to ak
1645720404401:hello-to привет
1645723823800:help
1645723829381:hello-to gjf
1645723903249:hello-to ololo
1645723978328:hello-to
1645723988216:hello-to sss
1645724135271:helloto user
1645724156401:helloto privet
1645724165063:help
1645724171658:hello-to
1645724181487:hello-to k
1645725943577:help
1645725966019:start
1645726185206:help
1645726251526:рудз
1645726255540:help
1645726263846:start
1645729043590:s
1645729075317:exit
