2022-04-28 01:56:39.897  INFO 8876 --- [main] ru.otus.homework03.Main                  : Starting Main using Java 14.0.1 on DESKTOP-KDSIOVU with PID 8876 (C:\projects\otus_homework\homework03\target\classes started by yanin in C:\projects\otus_homework\homework03)
2022-04-28 01:56:39.904  INFO 8876 --- [main] ru.otus.homework03.Main                  : No active profile set, falling back to 1 default profile: "default"
2022-04-28 01:56:40.997  INFO 8876 --- [main] .s.d.r.c.RepositoryConfigurationDelegate : Bootstrapping Spring Data JPA repositories in DEFAULT mode.
2022-04-28 01:56:41.079  INFO 8876 --- [main] .s.d.r.c.RepositoryConfigurationDelegate : Finished Spring Data repository scanning in 70 ms. Found 5 JPA repository interfaces.
2022-04-28 01:56:41.609  INFO 8876 --- [main] o.s.b.w.embedded.tomcat.TomcatWebServer  : Tomcat initialized with port(s): 8080 (http)
2022-04-28 01:56:41.620  INFO 8876 --- [main] o.apache.catalina.core.StandardService   : Starting service [Tomcat]
2022-04-28 01:56:41.620  INFO 8876 --- [main] org.apache.catalina.core.StandardEngine  : Starting Servlet engine: [Apache Tomcat/9.0.58]
2022-04-28 01:56:41.758  INFO 8876 --- [main] o.a.c.c.C.[Tomcat].[localhost].[/]       : Initializing Spring embedded WebApplicationContext
2022-04-28 01:56:41.758  INFO 8876 --- [main] w.s.c.ServletWebServerApplicationContext : Root WebApplicationContext: initialization completed in 1810 ms
2022-04-28 01:56:41.873  INFO 8876 --- [main] com.zaxxer.hikari.HikariDataSource       : HikariPool-1 - Starting...
2022-04-28 01:56:41.996  INFO 8876 --- [main] com.zaxxer.hikari.HikariDataSource       : HikariPool-1 - Start completed.
2022-04-28 01:56:42.007  INFO 8876 --- [main] o.s.b.a.h2.H2ConsoleAutoConfiguration    : H2 console available at '/h2-console'. Database available at 'jdbc:h2:mem:testdb'
2022-04-28 01:56:42.300  INFO 8876 --- [main] liquibase.database                       : Set default schema name to PUBLIC
2022-04-28 01:56:42.507  INFO 8876 --- [main] liquibase.lockservice                    : Successfully acquired change log lock
2022-04-28 01:56:42.533  INFO 8876 --- [main] liquibase.changelog                      : Reading resource: db/changelog/1.0/2022-03-01--0001.xml
2022-04-28 01:56:42.984  INFO 8876 --- [main] liquibase.changelog                      : Creating database history table with name: PUBLIC.DATABASECHANGELOG
2022-04-28 01:56:42.986  INFO 8876 --- [main] liquibase.changelog                      : Reading from PUBLIC.DATABASECHANGELOG
2022-04-28 01:56:43.068  INFO 8876 --- [main] liquibase.changelog                      : Table authors created
2022-04-28 01:56:43.068  INFO 8876 --- [main] liquibase.changelog                      : ChangeSet db/changelog/1.0/2022-03-01--0001.xml::2022-03-01--0001-authorsTableCreate::ryanin ran successfully in 23ms
2022-04-28 01:56:43.085  INFO 8876 --- [main] liquibase.changelog                      : Table genres created
2022-04-28 01:56:43.086  INFO 8876 --- [main] liquibase.changelog                      : ChangeSet db/changelog/1.0/2022-03-01--0001.xml::2022-03-01--0001-genresTableCreate::ryanin ran successfully in 6ms
2022-04-28 01:56:43.102  INFO 8876 --- [main] liquibase.changelog                      : Table books created
2022-04-28 01:56:43.102  INFO 8876 --- [main] liquibase.changelog                      : ChangeSet db/changelog/1.0/2022-03-01--0001.xml::2022-03-01--0001-booksTableCreate::ryanin ran successfully in 14ms
2022-04-28 01:56:43.124  INFO 8876 --- [main] liquibase.changelog                      : Table commentaries created
2022-04-28 01:56:43.124  INFO 8876 --- [main] liquibase.changelog                      : ChangeSet db/changelog/1.0/2022-03-01--0001.xml::2022-03-11--0001-commentariesTableCreate::ryanin ran successfully in 19ms
2022-04-28 01:56:43.132  INFO 8876 --- [main] liquibase.changelog                      : Table users created
2022-04-28 01:56:43.132  INFO 8876 --- [main] liquibase.changelog                      : ChangeSet db/changelog/1.0/2022-03-01--0001.xml::2022-03-11--0001-usersTableCreate::ryanin ran successfully in 7ms
2022-04-28 01:56:43.145  INFO 8876 --- [main] liquibase.statement                      : Executing JDBC DML batch was successful. 2 operations were executed, 1 individual UPDATE events were confirmed by the database.
2022-04-28 01:56:43.145  INFO 8876 --- [main] liquibase.changelog                      : Data loaded from 'db/changelog/data/authorsTableFill.csv' into table 'authors'
2022-04-28 01:56:43.146  INFO 8876 --- [main] liquibase.changelog                      : ChangeSet db/changelog/data/authorsTableFill.xml::authorsTableFill::ryanin ran successfully in 12ms
2022-04-28 01:56:43.152  INFO 8876 --- [main] liquibase.statement                      : Executing JDBC DML batch was successful. 2 operations were executed, 1 individual UPDATE events were confirmed by the database.
2022-04-28 01:56:43.152  INFO 8876 --- [main] liquibase.changelog                      : Data loaded from 'db/changelog/data/genresTableFill.csv' into table 'genres'
2022-04-28 01:56:43.153  INFO 8876 --- [main] liquibase.changelog                      : ChangeSet db/changelog/data/genresTableFill.xml::genresTableFill::ryanin ran successfully in 5ms
2022-04-28 01:56:43.160  INFO 8876 --- [main] liquibase.statement                      : Executing JDBC DML batch was successful. 2 operations were executed, 1 individual UPDATE events were confirmed by the database.
2022-04-28 01:56:43.160  INFO 8876 --- [main] liquibase.changelog                      : Data loaded from 'db/changelog/data/booksTableFill.csv' into table 'books'
2022-04-28 01:56:43.161  INFO 8876 --- [main] liquibase.changelog                      : ChangeSet db/changelog/data/booksTableFill.xml::booksTableFill::ryanin ran successfully in 6ms
2022-04-28 01:56:43.167  INFO 8876 --- [main] liquibase.statement                      : Executing JDBC DML batch was successful. 2 operations were executed, 1 individual UPDATE events were confirmed by the database.
2022-04-28 01:56:43.167  INFO 8876 --- [main] liquibase.changelog                      : Data loaded from 'db/changelog/data/commentariesTableFill.csv' into table 'commentaries'
2022-04-28 01:56:43.168  INFO 8876 --- [main] liquibase.changelog                      : ChangeSet db/changelog/data/commentariesTableFill.xml::commentariesTableFill::ryanin ran successfully in 4ms
2022-04-28 01:56:43.175  INFO 8876 --- [main] liquibase.statement                      : Executing JDBC DML batch was successful. 2 operations were executed, 1 individual UPDATE events were confirmed by the database.
2022-04-28 01:56:43.176  INFO 8876 --- [main] liquibase.changelog                      : Data loaded from 'db/changelog/data/usersTableFill.csv' into table 'users'
2022-04-28 01:56:43.176  INFO 8876 --- [main] liquibase.changelog                      : ChangeSet db/changelog/data/usersTableFill.xml::userTableFill::ryanin ran successfully in 6ms
2022-04-28 01:56:43.178  INFO 8876 --- [main] liquibase.lockservice                    : Successfully released change log lock
2022-04-28 01:56:43.285  INFO 8876 --- [main] o.hibernate.jpa.internal.util.LogHelper  : HHH000204: Processing PersistenceUnitInfo [name: default]
2022-04-28 01:56:43.365  INFO 8876 --- [main] org.hibernate.Version                    : HHH000412: Hibernate ORM core version 5.6.5.Final
2022-04-28 01:56:43.550  INFO 8876 --- [main] o.hibernate.annotations.common.Version   : HCANN000001: Hibernate Commons Annotations {5.1.2.Final}
2022-04-28 01:56:43.666  INFO 8876 --- [main] org.hibernate.dialect.Dialect            : HHH000400: Using dialect: org.hibernate.dialect.H2Dialect
2022-04-28 01:56:44.201  INFO 8876 --- [main] o.h.e.t.j.p.i.JtaPlatformInitiator       : HHH000490: Using JtaPlatform implementation: [org.hibernate.engine.transaction.jta.platform.internal.NoJtaPlatform]
2022-04-28 01:56:44.211  INFO 8876 --- [main] j.LocalContainerEntityManagerFactoryBean : Initialized JPA EntityManagerFactory for persistence unit 'default'
2022-04-28 01:56:44.542  WARN 8876 --- [main] JpaBaseConfiguration$JpaWebConfiguration : spring.jpa.open-in-view is enabled by default. Therefore, database queries may be performed during view rendering. Explicitly configure spring.jpa.open-in-view to disable this warning
2022-04-28 01:56:44.834  INFO 8876 --- [main] o.s.s.web.DefaultSecurityFilterChain     : Will not secure any request
2022-04-28 01:56:45.338  INFO 8876 --- [main] o.s.b.a.e.web.EndpointLinksResolver      : Exposing 15 endpoint(s) beneath base path '/actuator'
2022-04-28 01:56:45.394  INFO 8876 --- [main] o.s.b.w.embedded.tomcat.TomcatWebServer  : Tomcat started on port(s): 8080 (http) with context path ''
2022-04-28 01:56:45.409  INFO 8876 --- [main] ru.otus.homework03.Main                  : Started Main in 6.083 seconds (JVM running for 7.232)
2022-04-28 01:56:45.577  INFO 8876 --- [RMI TCP Connection(3)-169.254.175.48] o.a.c.c.C.[Tomcat].[localhost].[/]       : Initializing Spring DispatcherServlet 'dispatcherServlet'
2022-04-28 01:56:45.578  INFO 8876 --- [RMI TCP Connection(3)-169.254.175.48] o.s.web.servlet.DispatcherServlet        : Initializing Servlet 'dispatcherServlet'
2022-04-28 01:56:45.580  INFO 8876 --- [RMI TCP Connection(3)-169.254.175.48] o.s.web.servlet.DispatcherServlet        : Completed initialization in 2 ms
