1646676620614:help
1646676623887:cng
1646678164905:help
1646678177874:da
1646678406075:db
1646678415705:dg
1646678427241:cnb
1646678531357:dg
1646678543616:da
1646678582687:db
1646678618014:cnb
1646678645346:sab
1646678672152:db
1646678706479:cna
1646678720566:saa
1646678763514:sag
1646679438978:sab
1646840069387:cng
1646853914469:sag
1646929197603:cna
1646929337468:saa
1646929454344:cna
1646929464106:saa
1646930799479:cna
1646930809405:da
1646930875922:cng
1646930883523:cna
1646930890721:saa
1646930897234:da
1646930908096:saa
1646931814033:cna
1646931824306:da
1646931835313:saa
1646932331847:cna
1646933691231:cng
1646933754656:sag
1646933771926:dg
1646933778730:sag
1646933782708:dg
1646941880312:cnb
1646942517063:saa
1646942534540:sag
1646942540899:sab
1646942560380:cnb
1646942578650:saa
1646943042078:cnb
1646943605487:sab
1646943635833:cnb
1646943661657:sab
1646943664177:saa
1646943670109:sag
1646944197765:cnb
1646944227125:sab
1646944228827:saa
1646944231062:sag
1646944235513:db
1646945207711:cnb
1646945219836:db
1646945234403:sab
1646945237032:saa
1646945241942:sag
1646945439781:cnb
1646945453482:sag
1646945456633:dg
1646945469622:db
1646945485346:dg
1646945493674:sab
1646945495768:saa
1646945497984:sag
1646997313221:cnc
1646997352019:cnb
1646997369374:saa
1646997373677:sag
1646997375419:sab
1646997380397:cnc
1646997729509:cnb
1646997743885:cnc
1646997870939:cnb
1646997880766:cnc
1646998139821:cnb
1646998147722:cnc
1646998160677:sac
1646998186815:db
1646998198552:sab
1646998201634:saa
1646998202890:sag
1646998211756:sac
1646998351972:cnb
1646998367998:cnc
1646998425489:sac
1646998874731:cnb
1646998889197:saca
1646998896917:cnc
1646998908529:saca
1646998913161:db
1646998922992:saca
